2020-03-08 12:35:27.105    user-center 192.168.2.1 8081 info   [main] o.a.catalina.core.StandardEngine  Starting ProtocolHandler ["http-nio-8080"]
2020-03-08 12:35:27.105    user-center 192.168.2.1 8081 info   [main] o.a.catalina.core.StandardEngine  Starting ProtocolHandler ["http-nio-8080"]
2020-03-08 12:35:27.105    user-center 192.168.2.1 8081 info   [main] o.a.catalina.core.StandardEngine  Starting ProtocolHandler ["http-nio-8080"]
2020-03-08 12:35:27.105    user-center 192.168.2.1 8081 info   [main] o.a.catalina.core.StandardEngine  Starting ProtocolHandler ["http-nio-8080"]
java.lang.IllegalStateException: failed to req API:/nacos/v1/ns/service/list after all servers([localhost:8848]) tried: failed to req API:localhost:8848/nacos/v1/ns/service/list. code:500 msg: java.net.ConnectException: Connection refused (Connection refused)
	at com.alibaba.nacos.client.naming.net.NamingProxy.reqAPI(NamingProxy.java:464) ~[nacos-client-1.1.1.jar:na]
	at com.alibaba.nacos.client.naming.net.NamingProxy.reqAPI(NamingProxy.java:430) ~[nacos-client-1.1.1.jar:na]
	at com.alibaba.nacos.client.naming.net.NamingProxy.reqAPI(NamingProxy.java:376) ~[nacos-client-1.1.1.jar:na]
	at com.alibaba.nacos.client.naming.net.NamingProxy.getServiceList(NamingProxy.java:358) ~[nacos-client-1.1.1.jar:na]
	at com.alibaba.nacos.client.naming.net.NamingProxy.getServiceList(NamingProxy.java:334) ~[nacos-client-1.1.1.jar:na]
	at com.alibaba.nacos.client.naming.NacosNamingService.getServicesOfServer(NacosNamingService.java:440) ~[nacos-client-1.1.1.jar:na]
	at com.alibaba.cloud.nacos.discovery.NacosDiscoveryClient.getServices(NacosDiscoveryClient.java:108) ~[spring-cloud-alibaba-nacos-discovery-2.1.0.RELEASE.jar:2.1.0.RELEASE]
	at org.springframework.cloud.client.discovery.composite.CompositeDiscoveryClient.getServices(CompositeDiscoveryClient.java:67) [spring-cloud-commons-2.1.2.RELEASE.jar:2.1.2.RELEASE]
	at org.springframework.cloud.client.discovery.health.DiscoveryClientHealthIndicator.health(DiscoveryClientHealthIndicator.java:69) [spring-cloud-commons-2.1.2.RELEASE.jar:2.1.2.RELEASE]
	at org.springframework.cloud.client.discovery.health.DiscoveryCompositeHealthIndicator$Holder.health(DiscoveryCompositeHealthIndicator.java:67) [spring-cloud-commons-2.1.2.RELEASE.jar:2.1.2.RELEASE]
	at org.springframework.boot.actuate.health.CompositeHealthIndicator.health(CompositeHealthIndicator.java:95) [spring-boot-actuator-2.1.7.RELEASE.jar:2.1.7.RELEASE]
	at org.springframework.boot.actuate.health.CompositeHealthIndicator.health(CompositeHealthIndicator.java:95) [spring-boot-actuator-2.1.7.RELEASE.jar:2.1.7.RELEASE]
	at org.springframework.boot.actuate.health.HealthEndpoint.health(HealthEndpoint.java:50) [spring-boot-actuator-2.1.7.RELEASE.jar:2.1.7.RELEASE]
	at sun.reflect.NativeMethodAccessorImpl.invoke0(Native Method) ~[na:1.8.0_221]
	at sun.reflect.NativeMethodAccessorImpl.invoke(NativeMethodAccessorImpl.java:62) ~[na:1.8.0_221]
	at sun.reflect.DelegatingMethodAccessorImpl.invoke(DelegatingMethodAccessorImpl.java:43) ~[na:1.8.0_221]
	at java.lang.reflect.Method.invoke(Method.java:498) ~[na:1.8.0_221]
	at org.springframework.util.ReflectionUtils.invokeMethod(ReflectionUtils.java:282) [spring-core-5.1.9.RELEASE.jar:5.1.9.RELEASE]
	at org.springframework.boot.actuate.endpoint.invoke.reflect.ReflectiveOperationInvoker.invoke(ReflectiveOperationInvoker.java:76) [spring-boot-actuator-2.1.7.RELEASE.jar:2.1.7.RELEASE]
	at org.springframework.boot.actuate.endpoint.annotation.AbstractDiscoveredOperation.invoke(AbstractDiscoveredOperation.java:60) [spring-boot-actuator-2.1.7.RELEASE.jar:2.1.7.RELEASE]
	at org.springframework.boot.actuate.endpoint.jmx.EndpointMBean.invoke(EndpointMBean.java:121) [spring-boot-actuator-2.1.7.RELEASE.jar:2.1.7.RELEASE]
	at org.springframework.boot.actuate.endpoint.jmx.EndpointMBean.invoke(EndpointMBean.java:96) [spring-boot-actuator-2.1.7.RELEASE.jar:2.1.7.RELEASE]
	at com.sun.jmx.interceptor.DefaultMBeanServerInterceptor.invoke(DefaultMBeanServerInterceptor.java:819) [na:1.8.0_221]
	at com.sun.jmx.mbeanserver.JmxMBeanServer.invoke(JmxMBeanServer.java:801) [na:1.8.0_221]
	at javax.management.remote.rmi.RMIConnectionImpl.doOperation(RMIConnectionImpl.java:1468) [na:1.8.0_221]
	at javax.management.remote.rmi.RMIConnectionImpl.access$300(RMIConnectionImpl.java:76) [na:1.8.0_221]
	at javax.management.remote.rmi.RMIConnectionImpl$PrivilegedOperation.run(RMIConnectionImpl.java:1309) [na:1.8.0_221]
	at javax.management.remote.rmi.RMIConnectionImpl.doPrivilegedOperation(RMIConnectionImpl.java:1401) [na:1.8.0_221]
	at javax.management.remote.rmi.RMIConnectionImpl.invoke(RMIConnectionImpl.java:829) [na:1.8.0_221]
	at sun.reflect.GeneratedMethodAccessor59.invoke(Unknown Source) ~[na:na]
	at sun.reflect.DelegatingMethodAccessorImpl.invoke(DelegatingMethodAccessorImpl.java:43) ~[na:1.8.0_221]
	at java.lang.reflect.Method.invoke(Method.java:498) ~[na:1.8.0_221]
	at sun.rmi.server.UnicastServerRef.dispatch(UnicastServerRef.java:357) [na:1.8.0_221]
	at sun.rmi.transport.Transport$1.run(Transport.java:200) [na:1.8.0_221]
	at sun.rmi.transport.Transport$1.run(Transport.java:197) [na:1.8.0_221]
	at java.security.AccessController.doPrivileged(Native Method) [na:1.8.0_221]
	at sun.rmi.transport.Transport.serviceCall(Transport.java:196) [na:1.8.0_221]
	at sun.rmi.transport.tcp.TCPTransport.handleMessages(TCPTransport.java:573) [na:1.8.0_221]
	at sun.rmi.transport.tcp.TCPTransport$ConnectionHandler.run0(TCPTransport.java:834) [na:1.8.0_221]
	at sun.rmi.transport.tcp.TCPTransport$ConnectionHandler.lambda$run$0(TCPTransport.java:688) [na:1.8.0_221]
	at java.security.AccessController.doPrivileged(Native Method) [na:1.8.0_221]
	at sun.rmi.transport.tcp.TCPTransport$ConnectionHandler.run(TCPTransport.java:687) [na:1.8.0_221]
	at java.util.concurrent.ThreadPoolExecutor.runWorker(ThreadPoolExecutor.java:1149) ~[na:1.8.0_221]
	at java.util.concurrent.ThreadPoolExecutor$Worker.run(ThreadPoolExecutor.java:624) ~[na:1.8.0_221]
	at java.lang.Thread.run(Thread.java:748) ~[na:1.8.0_221]
2020-03-08 12:35:27.105 log-center 192.168.2.1 8081 DBUG   [http-9-0-thread] o.a.catalina.core.StandardEngine  Starting ProtocolHandler ["http-nio-8080"]
2020-03-08 12:35:27.105 log-center 192.168.2.1 8081 DBUG   [http-9-0-thread] o.a.catalina.core.StandardEngine  Starting ProtocolHandler ["http-nio-8080"]
